{"uuid":"69767aea-47e5-4fee-bc17-ed4792edf147","historyId":"41a3175a736c10d1d0915c1ecd46541b","fullName":"JobsApi.TC5_Datadriventesting.postnewjob","labels":[{"name":"package","value":"JobsApi.TC5_Datadriventesting"},{"name":"testClass","value":"JobsApi.TC5_Datadriventesting"},{"name":"testMethod","value":"postnewjob"},{"name":"parentSuite","value":"Rest assured jobs and lMS"},{"name":"suite","value":"Rest Assured testcases chrome"},{"name":"subSuite","value":"JobsApi.TC5_Datadriventesting"},{"name":"host","value":"SriGuhan"},{"name":"thread","value":"17832@SriGuhan.main(1)"},{"name":"framework","value":"testng"},{"name":"language","value":"java"}],"links":[],"name":"postnewjob","status":"broken","statusDetails":{"known":false,"muted":false,"flaky":false,"message":"com.github.fge.jsonschema.core.exceptions.ProcessingException: fatal: content at URI \"file:/C:/Users/nmanj/Documents/workspace-STS-4-4.13.0/Restassuredapi/target/test-classes/Schema/postjobs.json#\" is not valid JSON\n    level: \"fatal\"\n    uri: \"file:/C:/Users/nmanj/Documents/workspace-STS-4-4.13.0/Restassuredapi/target/test-classes/Schema/postjobs.json#\"\n    parsingMessage: \"Invalid UTF-8 start byte 0x92\"\n","trace":"io.restassured.module.jsv.JsonSchemaValidationException: com.github.fge.jsonschema.core.exceptions.ProcessingException: fatal: content at URI \"file:/C:/Users/nmanj/Documents/workspace-STS-4-4.13.0/Restassuredapi/target/test-classes/Schema/postjobs.json#\" is not valid JSON\n    level: \"fatal\"\n    uri: \"file:/C:/Users/nmanj/Documents/workspace-STS-4-4.13.0/Restassuredapi/target/test-classes/Schema/postjobs.json#\"\n    parsingMessage: \"Invalid UTF-8 start byte 0x92\"\n\r\n\tat io.restassured.module.jsv.JsonSchemaValidator.matchesSafely(JsonSchemaValidator.java:233)\r\n\tat io.restassured.module.jsv.JsonSchemaValidator.matchesSafely(JsonSchemaValidator.java:75)\r\n\tat org.hamcrest.TypeSafeMatcher.matches(TypeSafeMatcher.java:67)\r\n\tat org.hamcrest.MatcherAssert.assertThat(MatcherAssert.java:10)\r\n\tat org.hamcrest.MatcherAssert.assertThat(MatcherAssert.java:6)\r\n\tat JobsApi.TC5_Datadriventesting.postnewjob(TC5_Datadriventesting.java:53)\r\n\tat sun.reflect.NativeMethodAccessorImpl.invoke0(Native Method)\r\n\tat sun.reflect.NativeMethodAccessorImpl.invoke(NativeMethodAccessorImpl.java:62)\r\n\tat sun.reflect.DelegatingMethodAccessorImpl.invoke(DelegatingMethodAccessorImpl.java:43)\r\n\tat java.lang.reflect.Method.invoke(Method.java:498)\r\n\tat org.testng.internal.invokers.MethodInvocationHelper.invokeMethod(MethodInvocationHelper.java:135)\r\n\tat org.testng.internal.invokers.TestInvoker.invokeMethod(TestInvoker.java:673)\r\n\tat org.testng.internal.invokers.TestInvoker.invokeTestMethod(TestInvoker.java:220)\r\n\tat org.testng.internal.invokers.MethodRunner.runInSequence(MethodRunner.java:50)\r\n\tat org.testng.internal.invokers.TestInvoker$MethodInvocationAgent.invoke(TestInvoker.java:945)\r\n\tat org.testng.internal.invokers.TestInvoker.invokeTestMethods(TestInvoker.java:193)\r\n\tat org.testng.internal.invokers.TestMethodWorker.invokeTestMethods(TestMethodWorker.java:146)\r\n\tat org.testng.internal.invokers.TestMethodWorker.run(TestMethodWorker.java:128)\r\n\tat java.util.ArrayList.forEach(ArrayList.java:1259)\r\n\tat org.testng.TestRunner.privateRun(TestRunner.java:808)\r\n\tat org.testng.TestRunner.run(TestRunner.java:603)\r\n\tat org.testng.SuiteRunner.runTest(SuiteRunner.java:429)\r\n\tat org.testng.SuiteRunner.runSequentially(SuiteRunner.java:423)\r\n\tat org.testng.SuiteRunner.privateRun(SuiteRunner.java:383)\r\n\tat org.testng.SuiteRunner.run(SuiteRunner.java:326)\r\n\tat org.testng.SuiteRunnerWorker.runSuite(SuiteRunnerWorker.java:52)\r\n\tat org.testng.SuiteRunnerWorker.run(SuiteRunnerWorker.java:95)\r\n\tat org.testng.TestNG.runSuitesSequentially(TestNG.java:1249)\r\n\tat org.testng.TestNG.runSuitesLocally(TestNG.java:1169)\r\n\tat org.testng.TestNG.runSuites(TestNG.java:1092)\r\n\tat org.testng.TestNG.run(TestNG.java:1060)\r\n\tat org.testng.remote.AbstractRemoteTestNG.run(AbstractRemoteTestNG.java:115)\r\n\tat org.testng.remote.RemoteTestNG.initAndRun(RemoteTestNG.java:251)\r\n\tat org.testng.remote.RemoteTestNG.main(RemoteTestNG.java:77)\r\nCaused by: com.github.fge.jsonschema.core.exceptions.ProcessingException: fatal: content at URI \"file:/C:/Users/nmanj/Documents/workspace-STS-4-4.13.0/Restassuredapi/target/test-classes/Schema/postjobs.json#\" is not valid JSON\n    level: \"fatal\"\n    uri: \"file:/C:/Users/nmanj/Documents/workspace-STS-4-4.13.0/Restassuredapi/target/test-classes/Schema/postjobs.json#\"\n    parsingMessage: \"Invalid UTF-8 start byte 0x92\"\n\r\n\tat com.github.fge.jsonschema.core.load.URIManager.getContent(URIManager.java:113)\r\n\tat com.github.fge.jsonschema.core.load.SchemaLoader$1.load(SchemaLoader.java:114)\r\n\tat com.github.fge.jsonschema.core.load.SchemaLoader$1.load(SchemaLoader.java:108)\r\n\tat com.google.common.cache.LocalCache$LoadingValueReference.loadFuture(LocalCache.java:3533)\r\n\tat com.google.common.cache.LocalCache$Segment.loadSync(LocalCache.java:2282)\r\n\tat com.google.common.cache.LocalCache$Segment.lockedGetOrLoad(LocalCache.java:2159)\r\n\tat com.google.common.cache.LocalCache$Segment.get(LocalCache.java:2049)\r\n\tat com.google.common.cache.LocalCache.get(LocalCache.java:3966)\r\n\tat com.google.common.cache.LocalCache.getOrLoad(LocalCache.java:3989)\r\n\tat com.google.common.cache.LocalCache$LocalLoadingCache.get(LocalCache.java:4950)\r\n\tat com.github.fge.jsonschema.core.load.SchemaLoader.get(SchemaLoader.java:171)\r\n\tat com.github.fge.jsonschema.main.JsonValidator.buildJsonSchema(JsonValidator.java:211)\r\n\tat com.github.fge.jsonschema.main.JsonSchemaFactory.getJsonSchema(JsonSchemaFactory.java:224)\r\n\tat io.restassured.module.jsv.JsonSchemaValidator.matchesSafely(JsonSchemaValidator.java:221)\r\n\t... 33 more\r\n"},"stage":"finished","steps":[],"attachments":[],"parameters":[{"name":"arg3","value":"Ninja"},{"name":"arg2","value":"PA"},{"name":"arg5","value":"60minutes"},{"name":"arg4","value":"fulltime"},{"name":"arg1","value":"SDET11"},{"name":"browser","value":"chrome"},{"name":"arg0","value":"5240"},{"name":"arg6","value":"seleniumengineer"}],"start":1652961559281,"stop":1652961559428}